INFO 2025-03-03 21:25:27,027 autoreload Watching for file changes with StatReloader
INFO 2025-03-03 21:25:29,999 basehttp "GET /decrees/ HTTP/1.1" 200 57480
INFO 2025-03-03 21:25:30,562 basehttp "GET /publications/ HTTP/1.1" 200 41303
INFO 2025-03-03 21:32:14,331 autoreload /app/documents/templatetags/custom_filters.py changed, reloading.
INFO 2025-03-03 21:32:16,142 autoreload Watching for file changes with StatReloader
INFO 2025-03-03 21:32:19,082 basehttp "GET /publications/ HTTP/1.1" 200 41303
INFO 2025-03-03 21:32:19,178 basehttp "GET /publications/ HTTP/1.1" 200 41303
INFO 2025-03-03 21:32:19,276 basehttp "GET /static/css/style.css HTTP/1.1" 200 6668
INFO 2025-03-03 21:32:19,277 basehttp "GET /media/publication/926691d2e2db4aeaaf3eae69e5838bc3.png HTTP/1.1" 200 4504
INFO 2025-03-03 21:32:19,312 basehttp "GET /media/publication/6e0ca09f62924658bfe4e2b4722ad4c1.png HTTP/1.1" 200 7080
INFO 2025-03-03 21:32:19,350 basehttp "GET /media/publication/ce4beedc40f64e3fa399b3a713000330.jpg HTTP/1.1" 200 35017
INFO 2025-03-03 21:32:19,394 basehttp "GET /static/bootstrap5/bootstrap-icons.css HTTP/1.1" 200 65625
INFO 2025-03-03 21:32:19,395 basehttp "GET /static/flatpickr/flatpickr.min.css HTTP/1.1" 200 16166
INFO 2025-03-03 21:32:19,403 basehttp "GET /media/publication/bd5b0ca42641444c83b67c43650affca.jpg HTTP/1.1" 200 58166
INFO 2025-03-03 21:32:19,408 basehttp "GET /static/flatpickr/locale/ar.js HTTP/1.1" 200 1928
INFO 2025-03-03 21:32:19,459 basehttp "GET /static/flatpickr/flatpickr.min.js HTTP/1.1" 200 50679
INFO 2025-03-03 21:32:19,516 basehttp "GET /static/bootstrap5/bootstrap.rtl.css HTTP/1.1" 200 280259
INFO 2025-03-03 21:32:19,517 basehttp "GET /publications/ HTTP/1.1" 200 41303
INFO 2025-03-03 21:32:19,525 basehttp "GET /static/bootstrap5/bootstrap.bundle.js HTTP/1.1" 200 207819
INFO 2025-03-03 21:32:19,554 basehttp "GET /publications/ HTTP/1.1" 200 41303
INFO 2025-03-03 21:32:19,597 basehttp "GET /static/bootstrap5/bootstrap.rtl.css HTTP/1.1" 200 280259
INFO 2025-03-03 21:32:19,610 basehttp "GET /static/css/style.css HTTP/1.1" 200 6668
INFO 2025-03-03 21:32:19,611 basehttp "GET /media/publication/6e0ca09f62924658bfe4e2b4722ad4c1.png HTTP/1.1" 200 7080
INFO 2025-03-03 21:32:19,612 basehttp "GET /media/publication/926691d2e2db4aeaaf3eae69e5838bc3.png HTTP/1.1" 200 4504
INFO 2025-03-03 21:32:19,613 basehttp "GET /static/bootstrap5/bootstrap-icons.css HTTP/1.1" 200 65625
INFO 2025-03-03 21:32:19,620 basehttp "GET /media/publication/bd5b0ca42641444c83b67c43650affca.jpg HTTP/1.1" 200 58166
INFO 2025-03-03 21:32:19,626 basehttp "GET /media/publication/ce4beedc40f64e3fa399b3a713000330.jpg HTTP/1.1" 200 35017
INFO 2025-03-03 21:32:19,628 basehttp "GET /static/bootstrap5/bootstrap.bundle.js HTTP/1.1" 200 207819
INFO 2025-03-03 21:32:19,637 basehttp "GET /static/flatpickr/flatpickr.min.css HTTP/1.1" 200 16166
INFO 2025-03-03 21:32:19,639 basehttp "GET /static/flatpickr/flatpickr.min.js HTTP/1.1" 200 50679
INFO 2025-03-03 21:32:19,642 basehttp "GET /static/flatpickr/locale/ar.js HTTP/1.1" 200 1928
INFO 2025-03-03 21:32:19,667 basehttp "GET /static/fonts/Shabwa.ttf HTTP/1.1" 200 51148
INFO 2025-03-03 21:32:19,668 basehttp "GET /static/fonts/Shabwa-Bold.ttf HTTP/1.1" 200 49452
INFO 2025-03-03 21:32:19,670 basehttp "GET /static/fonts/Shabwa-Medium.ttf HTTP/1.1" 200 51776
INFO 2025-03-03 21:32:19,671 basehttp "GET /static/bootstrap5/bootstrap-icons.woff2 HTTP/1.1" 200 130396
WARNING 2025-03-03 21:32:19,790 log Not Found: /favicon.ico
WARNING 2025-03-03 21:32:19,792 basehttp "GET /favicon.ico HTTP/1.1" 404 15536
INFO 2025-03-03 21:32:21,333 basehttp "GET /decrees/ HTTP/1.1" 200 57480
INFO 2025-03-03 21:32:22,509 basehttp "GET /publications/ HTTP/1.1" 200 41303
INFO 2025-03-03 21:32:23,193 basehttp "GET /objections/ HTTP/1.1" 200 37763
INFO 2025-03-03 21:32:23,677 basehttp "GET /formplus/ HTTP/1.1" 200 25095
INFO 2025-03-03 21:32:24,579 basehttp "GET /reports/decree/ HTTP/1.1" 200 10645
INFO 2025-03-03 21:32:25,056 basehttp "GET /reports/publication/ HTTP/1.1" 200 10557
INFO 2025-03-03 21:32:25,431 basehttp "GET /reports/objection/ HTTP/1.1" 200 10559
INFO 2025-03-03 21:32:26,243 basehttp "GET /manage/sections/ HTTP/1.1" 200 29447
INFO 2025-03-03 21:32:26,352 basehttp "GET /manage/sections/?model=Country HTTP/1.1" 200 26490
INFO 2025-03-03 21:32:27,134 basehttp "GET /manage/users/ HTTP/1.1" 200 16737
INFO 2025-03-03 21:32:27,574 basehttp "GET /manage/logs/ HTTP/1.1" 200 31294
INFO 2025-03-03 21:32:28,336 basehttp "GET /manage/users/ HTTP/1.1" 200 16737
INFO 2025-03-03 21:32:29,126 basehttp "GET /manage/users/create/ HTTP/1.1" 200 25039
INFO 2025-03-03 21:32:31,441 basehttp "GET /manage/users/edit/1/ HTTP/1.1" 200 26504
INFO 2025-03-03 21:32:32,920 basehttp "GET /manage/logs/ HTTP/1.1" 200 31294
INFO 2025-03-03 21:32:35,522 basehttp "GET /manage/sections/ HTTP/1.1" 200 26256
INFO 2025-03-03 21:32:35,630 basehttp "GET /manage/sections/?model=Country HTTP/1.1" 200 26490
INFO 2025-03-03 21:32:36,855 basehttp "GET /manage/sections/?model=Government HTTP/1.1" 200 20486
INFO 2025-03-03 21:32:37,232 basehttp "GET /manage/sections/?model=ComType HTTP/1.1" 200 18789
INFO 2025-03-03 21:32:37,534 basehttp "GET /manage/sections/?model=DocType HTTP/1.1" 200 18772
INFO 2025-03-03 21:32:37,902 basehttp "GET /manage/sections/?model=DecreeCategory HTTP/1.1" 200 35385
INFO 2025-03-03 21:32:38,798 basehttp "GET /manage/sections/?model=DocType HTTP/1.1" 200 18159
INFO 2025-03-03 21:32:39,111 basehttp "GET /manage/sections/?model=ComType HTTP/1.1" 200 18176
INFO 2025-03-03 21:32:39,408 basehttp "GET /manage/sections/?model=Government HTTP/1.1" 200 19248
INFO 2025-03-03 21:32:39,799 basehttp "GET /decrees/ HTTP/1.1" 200 57480
INFO 2025-03-03 21:32:40,308 basehttp "GET /decrees/add/ HTTP/1.1" 200 31364
INFO 2025-03-03 21:32:41,623 basehttp "GET /formplus/ HTTP/1.1" 200 25095
INFO 2025-03-03 21:32:43,003 basehttp "GET /formplus/add/ HTTP/1.1" 200 14628
INFO 2025-03-03 21:32:44,785 basehttp "GET /formplus/download_p/4/ HTTP/1.1" 200 167180
INFO 2025-03-03 21:32:48,743 basehttp "GET /formplus/detail/4/ HTTP/1.1" 200 13113
INFO 2025-03-03 21:32:48,802 basehttp "GET /static/pdfjs/build/pdf.mjs HTTP/1.1" 304 0
INFO 2025-03-03 21:32:48,839 basehttp "GET /static/pdfjs/build/pdf.worker.mjs HTTP/1.1" 304 0
INFO 2025-03-03 21:32:48,960 basehttp "GET /media/formplus/1e8378e6344646ddbbbb26ffab5eb5f2.pdf HTTP/1.1" 304 0
INFO 2025-03-03 21:32:50,824 basehttp "GET /formplus/edit/4/ HTTP/1.1" 200 15521
INFO 2025-03-03 21:32:52,805 basehttp "GET /formplus/detail/4/ HTTP/1.1" 200 13113
INFO 2025-03-03 21:32:54,417 basehttp "GET /objections/ HTTP/1.1" 200 37763
INFO 2025-03-03 21:32:56,887 basehttp "GET /objections/detail/4/ HTTP/1.1" 200 22527
INFO 2025-03-03 21:32:57,070 basehttp "GET /media/objection/5d166ff5892d43f98150b0f08d34984a.pdf HTTP/1.1" 304 0
INFO 2025-03-03 21:33:00,994 basehttp "GET /objections/detail/3/ HTTP/1.1" 200 21844
INFO 2025-03-03 21:33:03,315 basehttp "GET /publications/ HTTP/1.1" 200 41303
INFO 2025-03-03 21:33:05,132 basehttp "GET /publications/detail/4/ HTTP/1.1" 200 13000
INFO 2025-03-03 21:33:06,672 basehttp "GET /publications/add/ HTTP/1.1" 200 33270
INFO 2025-03-03 21:33:07,722 basehttp "GET /publications/?status=1 HTTP/1.1" 200 35522
INFO 2025-03-03 21:33:08,215 basehttp "GET /publications/?status=2 HTTP/1.1" 200 32405
INFO 2025-03-03 21:33:08,578 basehttp "GET /publications/?status=3 HTTP/1.1" 200 34506
INFO 2025-03-03 21:33:08,987 basehttp "GET /publications/?status=4 HTTP/1.1" 200 36150
INFO 2025-03-03 21:33:09,796 basehttp "GET /decrees/ HTTP/1.1" 200 57480
INFO 2025-03-03 21:33:10,486 basehttp "GET /decrees/? HTTP/1.1" 200 57480
INFO 2025-03-03 21:33:10,863 basehttp "GET /decrees/?status=2 HTTP/1.1" 200 33120
INFO 2025-03-03 21:33:11,391 basehttp "GET /decrees/?status=2 HTTP/1.1" 200 33120
INFO 2025-03-03 21:33:11,801 basehttp "GET /decrees/?status=3 HTTP/1.1" 200 35471
INFO 2025-03-03 21:33:12,150 basehttp "GET /decrees/?status=4 HTTP/1.1" 200 30709
INFO 2025-03-03 21:33:12,973 basehttp "GET /decrees/?status=1 HTTP/1.1" 200 50358
INFO 2025-03-03 21:33:13,409 basehttp "GET /publications/ HTTP/1.1" 200 41303
INFO 2025-03-03 21:33:14,366 basehttp "GET /objections/ HTTP/1.1" 200 37763
INFO 2025-03-03 21:33:14,855 basehttp "GET /objections/?status=1 HTTP/1.1" 200 31174
INFO 2025-03-03 21:33:15,191 basehttp "GET /objections/?status=2 HTTP/1.1" 200 31174
INFO 2025-03-03 21:33:15,540 basehttp "GET /objections/?status=3 HTTP/1.1" 200 31174
INFO 2025-03-03 21:33:16,492 basehttp "GET /formplus/ HTTP/1.1" 200 25095
INFO 2025-03-03 21:33:19,495 basehttp "GET /objections/ HTTP/1.1" 200 37763
INFO 2025-03-03 21:33:20,023 basehttp "GET /publications/ HTTP/1.1" 200 41303
INFO 2025-03-03 21:33:22,737 basehttp "GET /publications/?keyword=&submit=%D8%A8%D8%AD%D8%AB&number=3&decree_number=&applicant=&owner=&brand=&category__number=&country=&date_applied__year=&date_applied__gte=&date_applied__lte=&status=1 HTTP/1.1" 200 35457
INFO 2025-03-03 21:33:24,382 basehttp "GET /publications/?status=1 HTTP/1.1" 200 35522
INFO 2025-03-03 21:33:25,124 basehttp "GET /decrees/ HTTP/1.1" 200 57480
INFO 2025-03-03 21:33:33,270 basehttp "GET / HTTP/1.1" 200 4586656
INFO 2025-03-03 21:33:34,570 basehttp "GET /publications/ HTTP/1.1" 200 41303
INFO 2025-03-03 21:33:35,345 basehttp "GET /formplus/ HTTP/1.1" 200 25095
INFO 2025-03-03 21:33:37,061 basehttp "GET /objection-pub-pick/ HTTP/1.1" 200 26445
INFO 2025-03-03 21:33:39,047 basehttp "GET /formplus/ HTTP/1.1" 200 25095
INFO 2025-03-03 21:33:41,293 basehttp "GET /objection-pub-pick/ HTTP/1.1" 200 26445
INFO 2025-03-03 21:33:42,165 basehttp "GET /add_objection/2/ HTTP/1.1" 200 35218
INFO 2025-03-03 21:34:35,785 basehttp "GET /decrees/ HTTP/1.1" 200 57475
INFO 2025-03-03 21:34:36,359 basehttp "GET / HTTP/1.1" 200 4586651
INFO 2025-03-03 21:34:37,132 basehttp "GET / HTTP/1.1" 200 4586651
INFO 2025-03-03 21:34:39,307 basehttp "GET /decrees/ HTTP/1.1" 200 57475
INFO 2025-03-03 21:34:39,826 basehttp "GET /publications/ HTTP/1.1" 200 41298
INFO 2025-03-03 21:34:40,306 basehttp "GET /objections/ HTTP/1.1" 200 37758
INFO 2025-03-03 21:34:40,632 basehttp "GET /formplus/ HTTP/1.1" 200 25090
INFO 2025-03-03 21:34:41,196 basehttp "GET /decrees/ HTTP/1.1" 200 57475
INFO 2025-03-03 21:34:41,898 basehttp "GET / HTTP/1.1" 200 4586651
INFO 2025-03-03 21:35:21,369 basehttp "GET / HTTP/1.1" 200 4586658
INFO 2025-03-03 21:35:21,429 basehttp "GET /static/css/style.css HTTP/1.1" 200 6668
INFO 2025-03-03 21:35:21,431 basehttp "GET /static/bootstrap5/bootstrap.rtl.css HTTP/1.1" 200 280259
INFO 2025-03-03 21:35:21,432 basehttp "GET /static/bootstrap5/bootstrap-icons.css HTTP/1.1" 200 65625
INFO 2025-03-03 21:35:21,523 basehttp "GET /static/fonts/Shabwa.ttf HTTP/1.1" 200 51148
INFO 2025-03-03 21:35:21,524 basehttp "GET /static/fonts/Shabwa-Bold.ttf HTTP/1.1" 200 49452
INFO 2025-03-03 21:35:21,525 basehttp "GET /static/fonts/Shabwa-Medium.ttf HTTP/1.1" 200 51776
INFO 2025-03-03 21:35:21,526 basehttp "GET /static/bootstrap5/bootstrap-icons.woff2 HTTP/1.1" 200 130396
INFO 2025-03-03 21:35:22,042 basehttp "GET / HTTP/1.1" 200 4586658
INFO 2025-03-03 21:35:22,143 basehttp "GET /static/css/style.css HTTP/1.1" 200 6668
INFO 2025-03-03 21:35:22,145 basehttp "GET /static/bootstrap5/bootstrap-icons.css HTTP/1.1" 200 65625
INFO 2025-03-03 21:35:22,147 basehttp "GET /static/bootstrap5/bootstrap.rtl.css HTTP/1.1" 200 280259
INFO 2025-03-03 21:35:22,204 basehttp "GET / HTTP/1.1" 200 4586658
INFO 2025-03-03 21:35:22,308 basehttp "GET /static/css/style.css HTTP/1.1" 200 6668
INFO 2025-03-03 21:35:22,310 basehttp "GET /static/bootstrap5/bootstrap-icons.css HTTP/1.1" 200 65625
INFO 2025-03-03 21:35:22,311 basehttp "GET /static/bootstrap5/bootstrap.rtl.css HTTP/1.1" 200 280259
INFO 2025-03-03 21:35:22,341 basehttp "GET /static/fonts/Shabwa.ttf HTTP/1.1" 200 51148
INFO 2025-03-03 21:35:22,347 basehttp "GET /static/bootstrap5/bootstrap-icons.woff2 HTTP/1.1" 200 130396
INFO 2025-03-03 21:35:22,398 basehttp "GET / HTTP/1.1" 200 4586658
INFO 2025-03-03 21:35:22,400 basehttp "GET /static/fonts/Shabwa-Bold.ttf HTTP/1.1" 200 49452
INFO 2025-03-03 21:35:22,401 basehttp "GET /static/fonts/Shabwa-Medium.ttf HTTP/1.1" 200 51776
INFO 2025-03-03 21:35:22,500 basehttp "GET /static/bootstrap5/bootstrap.rtl.css HTTP/1.1" 200 280259
INFO 2025-03-03 21:35:22,512 basehttp "GET /static/css/style.css HTTP/1.1" 200 6668
INFO 2025-03-03 21:35:22,517 basehttp "GET /static/bootstrap5/bootstrap-icons.css HTTP/1.1" 200 65625
INFO 2025-03-03 21:35:22,569 basehttp "GET / HTTP/1.1" 200 4586658
INFO 2025-03-03 21:35:22,629 basehttp "GET /static/bootstrap5/bootstrap.rtl.css HTTP/1.1" 200 280259
INFO 2025-03-03 21:35:22,634 basehttp "GET /static/css/style.css HTTP/1.1" 200 6668
INFO 2025-03-03 21:35:22,635 basehttp "GET /static/bootstrap5/bootstrap-icons.css HTTP/1.1" 200 65625
INFO 2025-03-03 21:35:22,709 basehttp "GET / HTTP/1.1" 200 4586658
INFO 2025-03-03 21:35:22,924 basehttp "GET /static/css/style.css HTTP/1.1" 200 6668
INFO 2025-03-03 21:35:22,926 basehttp "GET /static/bootstrap5/bootstrap-icons.css HTTP/1.1" 200 65625
INFO 2025-03-03 21:35:22,929 basehttp "GET /static/bootstrap5/bootstrap.rtl.css HTTP/1.1" 200 280259
INFO 2025-03-03 21:35:22,976 basehttp "GET / HTTP/1.1" 200 4586658
INFO 2025-03-03 21:35:23,060 basehttp "GET /static/bootstrap5/bootstrap.rtl.css HTTP/1.1" 200 280259
INFO 2025-03-03 21:35:23,066 basehttp "GET /static/css/style.css HTTP/1.1" 200 6668
INFO 2025-03-03 21:35:23,067 basehttp "GET /static/bootstrap5/bootstrap-icons.css HTTP/1.1" 200 65625
INFO 2025-03-03 21:35:23,121 basehttp "GET / HTTP/1.1" 200 4586658
INFO 2025-03-03 21:35:23,216 basehttp "GET /static/css/style.css HTTP/1.1" 200 6668
INFO 2025-03-03 21:35:23,219 basehttp "GET /static/bootstrap5/bootstrap-icons.css HTTP/1.1" 200 65625
INFO 2025-03-03 21:35:23,221 basehttp "GET /static/bootstrap5/bootstrap.rtl.css HTTP/1.1" 200 280259
INFO 2025-03-03 21:35:23,264 basehttp "GET / HTTP/1.1" 200 4586658
INFO 2025-03-03 21:35:23,324 basehttp "GET /static/css/style.css HTTP/1.1" 200 6668
INFO 2025-03-03 21:35:23,327 basehttp "GET /static/bootstrap5/bootstrap-icons.css HTTP/1.1" 200 65625
INFO 2025-03-03 21:35:23,329 basehttp "GET /static/bootstrap5/bootstrap.rtl.css HTTP/1.1" 200 280259
INFO 2025-03-03 21:35:23,376 basehttp "GET /static/fonts/Shabwa.ttf HTTP/1.1" 200 51148
INFO 2025-03-03 21:35:23,388 basehttp "GET /static/fonts/Shabwa-Bold.ttf HTTP/1.1" 200 49452
INFO 2025-03-03 21:35:23,388 basehttp "GET /static/fonts/Shabwa-Medium.ttf HTTP/1.1" 200 51776
INFO 2025-03-03 21:35:23,396 basehttp "GET /static/bootstrap5/bootstrap-icons.woff2 HTTP/1.1" 200 130396
INFO 2025-03-03 21:35:23,650 basehttp "GET /static/bootstrap5/bootstrap.bundle.js HTTP/1.1" 200 207819
INFO 2025-03-03 21:35:23,673 basehttp "GET /static/flatpickr/flatpickr.min.css HTTP/1.1" 200 16166
INFO 2025-03-03 21:35:23,677 basehttp "GET /static/flatpickr/locale/ar.js HTTP/1.1" 200 1928
INFO 2025-03-03 21:35:23,678 basehttp "GET /static/flatpickr/flatpickr.min.js HTTP/1.1" 200 50679
WARNING 2025-03-03 21:35:23,754 log Not Found: /favicon.ico
WARNING 2025-03-03 21:35:23,754 basehttp "GET /favicon.ico HTTP/1.1" 404 15536
INFO 2025-03-03 21:35:25,120 basehttp "GET / HTTP/1.1" 200 4586658
INFO 2025-03-03 21:35:26,447 basehttp "GET / HTTP/1.1" 200 4586658
INFO 2025-03-03 21:35:27,678 basehttp "GET / HTTP/1.1" 200 4586658
INFO 2025-03-03 21:35:28,349 basehttp "GET / HTTP/1.1" 200 4586658
INFO 2025-03-03 21:35:32,901 basehttp "GET / HTTP/1.1" 200 4586658
INFO 2025-03-03 21:35:34,448 basehttp "GET /formplus/ HTTP/1.1" 200 25097
INFO 2025-03-03 21:35:36,181 basehttp "GET /objection-pub-pick/ HTTP/1.1" 200 26447
INFO 2025-03-03 21:35:37,513 basehttp "GET / HTTP/1.1" 200 4586658
INFO 2025-03-03 21:35:41,196 basehttp "POST /manage/logout/ HTTP/1.1" 302 0
INFO 2025-03-03 21:35:41,267 basehttp "GET / HTTP/1.1" 200 4580635
INFO 2025-03-03 21:35:42,279 basehttp "GET /formplus/ HTTP/1.1" 200 15660
INFO 2025-03-03 21:35:43,126 basehttp "GET / HTTP/1.1" 200 4580635
INFO 2025-03-03 21:35:44,104 basehttp "GET /objection-pub-pick/ HTTP/1.1" 200 20069
INFO 2025-03-03 21:35:44,678 basehttp "GET / HTTP/1.1" 200 4580635
INFO 2025-03-03 21:36:24,896 basehttp "GET /manage/login/ HTTP/1.1" 200 7543
INFO 2025-03-03 21:36:30,316 basehttp "POST /manage/login/ HTTP/1.1" 200 7543
INFO 2025-03-03 21:36:35,013 basehttp "POST /manage/login/ HTTP/1.1" 302 0
INFO 2025-03-03 21:36:35,091 basehttp "GET / HTTP/1.1" 200 4586658
INFO 2025-03-03 21:36:38,046 basehttp "GET /manage/sections/ HTTP/1.1" 200 26258
INFO 2025-03-03 21:36:38,157 basehttp "GET /manage/sections/?model=Government HTTP/1.1" 200 19250
INFO 2025-03-03 21:36:39,194 basehttp "GET /manage/users/ HTTP/1.1" 200 16739
INFO 2025-03-03 21:36:39,947 basehttp "GET /manage/logs/ HTTP/1.1" 200 31296
INFO 2025-03-03 21:36:40,761 basehttp "GET /objections/ HTTP/1.1" 200 37765
INFO 2025-03-03 21:36:41,293 basehttp "GET /publications/ HTTP/1.1" 200 41305
INFO 2025-03-03 21:36:41,675 basehttp "GET /decrees/ HTTP/1.1" 200 57482
INFO 2025-03-03 21:37:19,904 basehttp "GET /formplus/ HTTP/1.1" 200 25097
INFO 2025-03-03 21:37:20,864 basehttp "GET /reports/decree/ HTTP/1.1" 200 10647
INFO 2025-03-03 21:37:21,496 basehttp "GET /reports/publication/ HTTP/1.1" 200 10559
INFO 2025-03-03 21:37:22,077 basehttp "GET /reports/objection/ HTTP/1.1" 200 10561
INFO 2025-03-03 21:37:24,284 basehttp "GET /reports/objection/?year=2025 HTTP/1.1" 200 12335
INFO 2025-03-03 21:37:24,860 basehttp "GET /reports/publication/ HTTP/1.1" 200 10559
INFO 2025-03-03 21:37:25,752 basehttp "GET /reports/publication/?year=2025 HTTP/1.1" 200 12186
INFO 2025-03-03 21:37:26,316 basehttp "GET /reports/decree/ HTTP/1.1" 200 10647
INFO 2025-03-03 21:37:27,397 basehttp "GET /reports/decree/?year=2022 HTTP/1.1" 200 12101
INFO 2025-03-03 21:37:28,481 basehttp "GET /reports/decree/?year=2025 HTTP/1.1" 200 12288
INFO 2025-03-03 21:39:15,549 basehttp "GET /publications/ HTTP/1.1" 200 41305
INFO 2025-03-03 21:39:16,484 basehttp "GET /decrees/ HTTP/1.1" 200 57482
INFO 2025-03-03 21:39:18,028 basehttp "GET /decrees/add/ HTTP/1.1" 200 31366
INFO 2025-03-03 21:39:20,156 basehttp "GET /decrees/ HTTP/1.1" 200 57482
INFO 2025-03-03 21:39:23,869 basehttp "GET /decrees/detail/11/ HTTP/1.1" 200 12965
INFO 2025-03-03 21:39:28,124 basehttp "GET /objections/ HTTP/1.1" 200 37765
INFO 2025-03-03 21:39:28,557 basehttp "GET /formplus/ HTTP/1.1" 200 25097
INFO 2025-03-03 21:39:29,917 basehttp "GET /reports/decree/ HTTP/1.1" 200 10647
INFO 2025-03-03 21:39:30,343 basehttp "GET /reports/publication/ HTTP/1.1" 200 10559
INFO 2025-03-03 21:39:30,738 basehttp "GET /reports/objection/ HTTP/1.1" 200 10561
INFO 2025-03-03 21:39:31,679 basehttp "GET /manage/sections/ HTTP/1.1" 200 26258
INFO 2025-03-03 21:39:31,801 basehttp "GET /manage/sections/?model=Government HTTP/1.1" 200 19250
INFO 2025-03-03 21:39:32,572 basehttp "GET /manage/users/ HTTP/1.1" 200 16739
INFO 2025-03-03 21:39:33,460 basehttp "GET /manage/logs/ HTTP/1.1" 200 31296
INFO 2025-03-03 21:39:35,568 basehttp "GET /manage/logs/ HTTP/1.1" 200 31296
INFO 2025-03-03 21:39:35,615 basehttp "GET /static/bootstrap5/bootstrap.rtl.css HTTP/1.1" 200 280259
INFO 2025-03-03 21:39:35,634 basehttp "GET /static/css/style.css HTTP/1.1" 200 6668
INFO 2025-03-03 21:39:35,635 basehttp "GET /static/flatpickr/flatpickr.min.css HTTP/1.1" 200 16166
INFO 2025-03-03 21:39:35,636 basehttp "GET /static/flatpickr/locale/ar.js HTTP/1.1" 200 1928
INFO 2025-03-03 21:39:35,641 basehttp "GET /static/flatpickr/flatpickr.min.js HTTP/1.1" 200 50679
INFO 2025-03-03 21:39:35,642 basehttp "GET /static/bootstrap5/bootstrap-icons.css HTTP/1.1" 200 65624
INFO 2025-03-03 21:39:35,644 basehttp "GET /static/bootstrap5/bootstrap.bundle.js HTTP/1.1" 200 207819
INFO 2025-03-03 21:39:35,682 basehttp "GET /static/fonts/Shabwa-Bold.ttf HTTP/1.1" 200 49452
INFO 2025-03-03 21:39:35,684 basehttp "GET /static/fonts/Shabwa-Medium.ttf HTTP/1.1" 200 51776
INFO 2025-03-03 21:39:35,685 basehttp "GET /static/fonts/Shabwa.ttf HTTP/1.1" 200 51148
INFO 2025-03-03 21:39:35,690 basehttp "GET /static/bootstrap5/bootstrap-icons.woff2 HTTP/1.1" 200 130396
WARNING 2025-03-03 21:39:35,787 log Not Found: /favicon.ico
WARNING 2025-03-03 21:39:35,787 basehttp "GET /favicon.ico HTTP/1.1" 404 15536
INFO 2025-03-03 21:40:23,504 basehttp "GET /manage/logs/ HTTP/1.1" 200 31296
INFO 2025-03-03 21:40:23,551 basehttp "GET /static/bootstrap5/bootstrap.rtl.css HTTP/1.1" 200 280259
INFO 2025-03-03 21:40:23,570 basehttp "GET /static/flatpickr/locale/ar.js HTTP/1.1" 200 1928
INFO 2025-03-03 21:40:23,571 basehttp "GET /static/flatpickr/flatpickr.min.css HTTP/1.1" 200 16166
INFO 2025-03-03 21:40:23,573 basehttp "GET /static/css/style.css HTTP/1.1" 200 6700
INFO 2025-03-03 21:40:23,578 basehttp "GET /static/flatpickr/flatpickr.min.js HTTP/1.1" 200 50679
INFO 2025-03-03 21:40:23,580 basehttp "GET /static/bootstrap5/bootstrap-icons.css HTTP/1.1" 200 65624
INFO 2025-03-03 21:40:23,586 basehttp "GET /static/bootstrap5/bootstrap.bundle.js HTTP/1.1" 200 207819
INFO 2025-03-03 21:40:23,678 basehttp "GET /manage/logs/ HTTP/1.1" 200 31296
INFO 2025-03-03 21:40:23,721 basehttp "GET /static/bootstrap5/bootstrap.rtl.css HTTP/1.1" 200 280259
INFO 2025-03-03 21:40:23,742 basehttp "GET /static/css/style.css HTTP/1.1" 200 6700
INFO 2025-03-03 21:40:23,744 basehttp "GET /static/flatpickr/flatpickr.min.css HTTP/1.1" 200 16166
INFO 2025-03-03 21:40:23,747 basehttp "GET /static/flatpickr/flatpickr.min.js HTTP/1.1" 200 50679
INFO 2025-03-03 21:40:23,749 basehttp "GET /static/bootstrap5/bootstrap-icons.css HTTP/1.1" 200 65624
INFO 2025-03-03 21:40:23,752 basehttp "GET /static/bootstrap5/bootstrap.bundle.js HTTP/1.1" 200 207819
INFO 2025-03-03 21:40:23,757 basehttp "GET /static/flatpickr/locale/ar.js HTTP/1.1" 200 1928
INFO 2025-03-03 21:40:23,830 basehttp "GET /manage/logs/ HTTP/1.1" 200 31296
INFO 2025-03-03 21:40:23,872 basehttp "GET /static/bootstrap5/bootstrap.rtl.css HTTP/1.1" 200 280259
INFO 2025-03-03 21:40:23,887 basehttp "GET /static/css/style.css HTTP/1.1" 200 6700
INFO 2025-03-03 21:40:23,888 basehttp "GET /static/flatpickr/flatpickr.min.css HTTP/1.1" 200 16166
INFO 2025-03-03 21:40:23,905 basehttp "GET /static/bootstrap5/bootstrap-icons.css HTTP/1.1" 200 65624
INFO 2025-03-03 21:40:23,906 basehttp "GET /static/flatpickr/flatpickr.min.js HTTP/1.1" 200 50679
INFO 2025-03-03 21:40:23,907 basehttp "GET /static/flatpickr/locale/ar.js HTTP/1.1" 200 1928
INFO 2025-03-03 21:40:23,915 basehttp "GET /static/bootstrap5/bootstrap.bundle.js HTTP/1.1" 200 207819
INFO 2025-03-03 21:40:23,980 basehttp "GET /manage/logs/ HTTP/1.1" 200 31296
INFO 2025-03-03 21:40:24,020 basehttp "GET /static/bootstrap5/bootstrap.rtl.css HTTP/1.1" 200 280259
INFO 2025-03-03 21:40:24,039 basehttp "GET /static/css/style.css HTTP/1.1" 200 6700
INFO 2025-03-03 21:40:24,057 basehttp "GET /static/flatpickr/flatpickr.min.css HTTP/1.1" 200 16166
INFO 2025-03-03 21:40:24,061 basehttp "GET /static/flatpickr/locale/ar.js HTTP/1.1" 200 1928
INFO 2025-03-03 21:40:24,065 basehttp "GET /static/flatpickr/flatpickr.min.js HTTP/1.1" 200 50679
INFO 2025-03-03 21:40:24,068 basehttp "GET /static/bootstrap5/bootstrap-icons.css HTTP/1.1" 200 65624
INFO 2025-03-03 21:40:24,083 basehttp "GET /static/bootstrap5/bootstrap.bundle.js HTTP/1.1" 200 207819
INFO 2025-03-03 21:40:24,117 basehttp "GET /static/fonts/Shabwa-Medium.ttf HTTP/1.1" 200 51776
INFO 2025-03-03 21:40:24,126 basehttp "GET /static/fonts/Shabwa.ttf HTTP/1.1" 200 51148
INFO 2025-03-03 21:40:24,129 basehttp "GET /static/fonts/Shabwa-Bold.ttf HTTP/1.1" 200 49452
INFO 2025-03-03 21:40:24,135 basehttp "GET /static/bootstrap5/bootstrap-icons.woff2 HTTP/1.1" 200 130396
INFO 2025-03-03 21:40:24,155 basehttp "GET /manage/logs/ HTTP/1.1" 200 31296
INFO 2025-03-03 21:40:24,208 basehttp "GET /static/bootstrap5/bootstrap.rtl.css HTTP/1.1" 200 280259
INFO 2025-03-03 21:40:24,241 basehttp "GET /static/flatpickr/flatpickr.min.css HTTP/1.1" 200 16166
INFO 2025-03-03 21:40:24,246 basehttp "GET /static/css/style.css HTTP/1.1" 200 6700
INFO 2025-03-03 21:40:24,251 basehttp "GET /static/flatpickr/locale/ar.js HTTP/1.1" 200 1928
INFO 2025-03-03 21:40:24,256 basehttp "GET /static/flatpickr/flatpickr.min.js HTTP/1.1" 200 50679
INFO 2025-03-03 21:40:24,262 basehttp "GET /static/bootstrap5/bootstrap-icons.css HTTP/1.1" 200 65624
INFO 2025-03-03 21:40:24,270 basehttp "GET /static/bootstrap5/bootstrap.bundle.js HTTP/1.1" 200 207819
INFO 2025-03-03 21:40:24,299 basehttp "GET /static/fonts/Shabwa-Bold.ttf HTTP/1.1" 200 49452
INFO 2025-03-03 21:40:24,318 basehttp "GET /manage/logs/ HTTP/1.1" 200 31296
INFO 2025-03-03 21:40:24,394 basehttp "GET /manage/logs/ HTTP/1.1" 200 31296
INFO 2025-03-03 21:40:24,437 basehttp "GET /static/bootstrap5/bootstrap.rtl.css HTTP/1.1" 200 280259
INFO 2025-03-03 21:40:24,457 basehttp "GET /static/flatpickr/locale/ar.js HTTP/1.1" 200 1928
INFO 2025-03-03 21:40:24,459 basehttp "GET /static/flatpickr/flatpickr.min.css HTTP/1.1" 200 16166
INFO 2025-03-03 21:40:24,464 basehttp "GET /static/css/style.css HTTP/1.1" 200 6700
INFO 2025-03-03 21:40:24,471 basehttp "GET /static/flatpickr/flatpickr.min.js HTTP/1.1" 200 50679
INFO 2025-03-03 21:40:24,472 basehttp "GET /static/bootstrap5/bootstrap.bundle.js HTTP/1.1" 200 207819
INFO 2025-03-03 21:40:24,473 basehttp "GET /static/bootstrap5/bootstrap-icons.css HTTP/1.1" 200 65624
INFO 2025-03-03 21:40:24,562 basehttp "GET /manage/logs/ HTTP/1.1" 200 31296
INFO 2025-03-03 21:40:24,599 basehttp "GET /static/bootstrap5/bootstrap.rtl.css HTTP/1.1" 200 280259
INFO 2025-03-03 21:40:24,617 basehttp "GET /static/flatpickr/locale/ar.js HTTP/1.1" 200 1928
INFO 2025-03-03 21:40:24,620 basehttp "GET /static/flatpickr/flatpickr.min.css HTTP/1.1" 200 16166
INFO 2025-03-03 21:40:24,621 basehttp "GET /static/css/style.css HTTP/1.1" 200 6700
INFO 2025-03-03 21:40:24,629 basehttp "GET /static/flatpickr/flatpickr.min.js HTTP/1.1" 200 50679
INFO 2025-03-03 21:40:24,629 basehttp "GET /static/bootstrap5/bootstrap-icons.css HTTP/1.1" 200 65624
INFO 2025-03-03 21:40:24,631 basehttp "GET /static/bootstrap5/bootstrap.bundle.js HTTP/1.1" 200 207819
INFO 2025-03-03 21:40:24,716 basehttp "GET /manage/logs/ HTTP/1.1" 200 31296
INFO 2025-03-03 21:40:24,759 basehttp "GET /static/bootstrap5/bootstrap.rtl.css HTTP/1.1" 200 280259
INFO 2025-03-03 21:40:24,795 basehttp "GET /static/flatpickr/flatpickr.min.css HTTP/1.1" 200 16166
INFO 2025-03-03 21:40:24,795 basehttp "GET /static/css/style.css HTTP/1.1" 200 6700
INFO 2025-03-03 21:40:24,807 basehttp "GET /static/flatpickr/locale/ar.js HTTP/1.1" 200 1928
INFO 2025-03-03 21:40:24,815 basehttp "GET /static/flatpickr/flatpickr.min.js HTTP/1.1" 200 50679
INFO 2025-03-03 21:40:24,818 basehttp "GET /static/bootstrap5/bootstrap-icons.css HTTP/1.1" 200 65624
INFO 2025-03-03 21:40:24,826 basehttp "GET /static/bootstrap5/bootstrap.bundle.js HTTP/1.1" 200 207819
INFO 2025-03-03 21:40:24,873 basehttp "GET /static/fonts/Shabwa.ttf HTTP/1.1" 200 51148
INFO 2025-03-03 21:40:24,880 basehttp "GET /static/fonts/Shabwa-Medium.ttf HTTP/1.1" 200 51776
INFO 2025-03-03 21:40:24,880 basehttp "GET /static/fonts/Shabwa-Bold.ttf HTTP/1.1" 200 49452
INFO 2025-03-03 21:40:24,885 basehttp "GET /manage/logs/ HTTP/1.1" 200 31296
INFO 2025-03-03 21:40:24,886 basehttp "GET /static/bootstrap5/bootstrap-icons.woff2 HTTP/1.1" 200 130396
INFO 2025-03-03 21:40:24,940 basehttp "GET /static/bootstrap5/bootstrap.rtl.css HTTP/1.1" 200 280259
INFO 2025-03-03 21:40:24,958 basehttp "GET /static/css/style.css HTTP/1.1" 200 6700
INFO 2025-03-03 21:40:24,972 basehttp "GET /static/flatpickr/flatpickr.min.css HTTP/1.1" 200 16166
INFO 2025-03-03 21:40:24,972 basehttp "GET /static/flatpickr/locale/ar.js HTTP/1.1" 200 1928
INFO 2025-03-03 21:40:24,983 basehttp "GET /static/flatpickr/flatpickr.min.js HTTP/1.1" 200 50679
INFO 2025-03-03 21:40:24,990 basehttp "GET /static/bootstrap5/bootstrap-icons.css HTTP/1.1" 200 65624
INFO 2025-03-03 21:40:25,000 basehttp "GET /static/bootstrap5/bootstrap.bundle.js HTTP/1.1" 200 207819
INFO 2025-03-03 21:40:25,037 basehttp "GET /static/fonts/Shabwa-Bold.ttf HTTP/1.1" 200 49452
INFO 2025-03-03 21:40:25,063 basehttp "GET /manage/logs/ HTTP/1.1" 200 31296
INFO 2025-03-03 21:40:25,132 basehttp "GET /manage/logs/ HTTP/1.1" 200 31296
INFO 2025-03-03 21:40:25,173 basehttp "GET /static/bootstrap5/bootstrap.rtl.css HTTP/1.1" 200 280259
INFO 2025-03-03 21:40:25,189 basehttp "GET /static/css/style.css HTTP/1.1" 200 6700
INFO 2025-03-03 21:40:25,191 basehttp "GET /static/flatpickr/locale/ar.js HTTP/1.1" 200 1928
INFO 2025-03-03 21:40:25,192 basehttp "GET /static/flatpickr/flatpickr.min.css HTTP/1.1" 200 16166
INFO 2025-03-03 21:40:25,195 basehttp "GET /static/bootstrap5/bootstrap-icons.css HTTP/1.1" 200 65624
INFO 2025-03-03 21:40:25,196 basehttp "GET /static/flatpickr/flatpickr.min.js HTTP/1.1" 200 50679
INFO 2025-03-03 21:40:25,205 basehttp "GET /static/bootstrap5/bootstrap.bundle.js HTTP/1.1" 200 207819
INFO 2025-03-03 21:40:25,224 basehttp "GET /static/fonts/Shabwa.ttf HTTP/1.1" 200 51148
INFO 2025-03-03 21:40:25,238 basehttp "GET /static/fonts/Shabwa-Medium.ttf HTTP/1.1" 200 51776
INFO 2025-03-03 21:40:25,239 basehttp "GET /static/fonts/Shabwa-Bold.ttf HTTP/1.1" 200 49452
INFO 2025-03-03 21:40:25,246 basehttp "GET /static/bootstrap5/bootstrap-icons.woff2 HTTP/1.1" 200 130396
WARNING 2025-03-03 21:40:25,341 log Not Found: /favicon.ico
WARNING 2025-03-03 21:40:25,342 basehttp "GET /favicon.ico HTTP/1.1" 404 15536
INFO 2025-03-03 21:40:33,089 basehttp "GET /objections/ HTTP/1.1" 200 37765
INFO 2025-03-03 21:40:33,151 basehttp "GET /static/bootstrap5/bootstrap-icons.css HTTP/1.1" 304 0
INFO 2025-03-03 21:40:33,154 basehttp "GET /static/css/style.css HTTP/1.1" 304 0
INFO 2025-03-03 21:40:45,488 basehttp "GET /objections/ HTTP/1.1" 200 37765
INFO 2025-03-03 21:40:45,536 basehttp "GET /static/bootstrap5/bootstrap.rtl.css HTTP/1.1" 200 280259
INFO 2025-03-03 21:40:45,559 basehttp "GET /static/flatpickr/locale/ar.js HTTP/1.1" 200 1928
INFO 2025-03-03 21:40:45,562 basehttp "GET /static/css/style.css HTTP/1.1" 200 6701
INFO 2025-03-03 21:40:45,567 basehttp "GET /static/flatpickr/flatpickr.min.css HTTP/1.1" 200 16166
INFO 2025-03-03 21:40:45,568 basehttp "GET /static/flatpickr/flatpickr.min.js HTTP/1.1" 200 50679
INFO 2025-03-03 21:40:45,570 basehttp "GET /static/bootstrap5/bootstrap-icons.css HTTP/1.1" 200 65624
INFO 2025-03-03 21:40:45,572 basehttp "GET /static/bootstrap5/bootstrap.bundle.js HTTP/1.1" 200 207819
INFO 2025-03-03 21:40:45,676 basehttp "GET /objections/ HTTP/1.1" 200 37765
INFO 2025-03-03 21:40:45,726 basehttp "GET /static/bootstrap5/bootstrap.rtl.css HTTP/1.1" 200 280259
INFO 2025-03-03 21:40:45,745 basehttp "GET /static/css/style.css HTTP/1.1" 200 6701
INFO 2025-03-03 21:40:45,749 basehttp "GET /static/flatpickr/flatpickr.min.css HTTP/1.1" 200 16166
INFO 2025-03-03 21:40:45,762 basehttp "GET /static/flatpickr/flatpickr.min.js HTTP/1.1" 200 50679
INFO 2025-03-03 21:40:45,769 basehttp "GET /static/flatpickr/locale/ar.js HTTP/1.1" 200 1928
INFO 2025-03-03 21:40:45,825 basehttp "GET /static/bootstrap5/bootstrap-icons.css HTTP/1.1" 200 65624
INFO 2025-03-03 21:40:45,850 basehttp "GET /objections/ HTTP/1.1" 200 37765
INFO 2025-03-03 21:40:45,859 basehttp "GET /static/bootstrap5/bootstrap.bundle.js HTTP/1.1" 200 207819
INFO 2025-03-03 21:40:45,938 basehttp "GET /objections/ HTTP/1.1" 200 37765
INFO 2025-03-03 21:40:45,986 basehttp "GET /static/bootstrap5/bootstrap.rtl.css HTTP/1.1" 200 280259
INFO 2025-03-03 21:40:46,010 basehttp "GET /static/css/style.css HTTP/1.1" 200 6701
INFO 2025-03-03 21:40:46,027 basehttp "GET /static/flatpickr/flatpickr.min.css HTTP/1.1" 200 16166
INFO 2025-03-03 21:40:46,038 basehttp "GET /static/flatpickr/locale/ar.js HTTP/1.1" 200 1928
INFO 2025-03-03 21:40:46,066 basehttp "GET /static/flatpickr/flatpickr.min.js HTTP/1.1" 200 50679
INFO 2025-03-03 21:40:46,071 basehttp "GET /static/bootstrap5/bootstrap-icons.css HTTP/1.1" 200 65624
INFO 2025-03-03 21:40:46,085 basehttp "GET /static/bootstrap5/bootstrap.bundle.js HTTP/1.1" 200 207819
INFO 2025-03-03 21:40:46,114 basehttp "GET /objections/ HTTP/1.1" 200 37765
INFO 2025-03-03 21:40:46,119 basehttp "GET /static/fonts/Shabwa.ttf HTTP/1.1" 200 51148
INFO 2025-03-03 21:40:46,120 basehttp "GET /static/fonts/Shabwa-Bold.ttf HTTP/1.1" 200 49452
INFO 2025-03-03 21:40:46,122 basehttp "GET /static/fonts/Shabwa-Medium.ttf HTTP/1.1" 200 51776
INFO 2025-03-03 21:40:46,127 basehttp "GET /static/bootstrap5/bootstrap-icons.woff2 HTTP/1.1" 200 130396
INFO 2025-03-03 21:40:46,213 basehttp "GET /objections/ HTTP/1.1" 200 37765
INFO 2025-03-03 21:40:46,259 basehttp "GET /static/bootstrap5/bootstrap.rtl.css HTTP/1.1" 200 280259
INFO 2025-03-03 21:40:46,282 basehttp "GET /static/flatpickr/flatpickr.min.css HTTP/1.1" 200 16166
INFO 2025-03-03 21:40:46,284 basehttp "GET /static/css/style.css HTTP/1.1" 200 6701
INFO 2025-03-03 21:40:46,287 basehttp "GET /static/flatpickr/flatpickr.min.js HTTP/1.1" 200 50679
INFO 2025-03-03 21:40:46,290 basehttp "GET /static/flatpickr/locale/ar.js HTTP/1.1" 200 1928
INFO 2025-03-03 21:40:46,291 basehttp "GET /static/bootstrap5/bootstrap-icons.css HTTP/1.1" 200 65624
INFO 2025-03-03 21:40:46,294 basehttp "GET /static/bootstrap5/bootstrap.bundle.js HTTP/1.1" 200 207819
INFO 2025-03-03 21:40:46,381 basehttp "GET /objections/ HTTP/1.1" 200 37765
INFO 2025-03-03 21:40:46,422 basehttp "GET /static/bootstrap5/bootstrap.rtl.css HTTP/1.1" 200 280259
INFO 2025-03-03 21:40:46,443 basehttp "GET /static/css/style.css HTTP/1.1" 200 6701
INFO 2025-03-03 21:40:46,446 basehttp "GET /static/flatpickr/flatpickr.min.css HTTP/1.1" 200 16166
INFO 2025-03-03 21:40:46,457 basehttp "GET /static/flatpickr/flatpickr.min.js HTTP/1.1" 200 50679
INFO 2025-03-03 21:40:46,460 basehttp "GET /static/flatpickr/locale/ar.js HTTP/1.1" 200 1928
INFO 2025-03-03 21:40:46,464 basehttp "GET /static/bootstrap5/bootstrap-icons.css HTTP/1.1" 200 65624
INFO 2025-03-03 21:40:46,542 basehttp "GET /static/fonts/Shabwa.ttf HTTP/1.1" 200 51148
INFO 2025-03-03 21:40:46,552 basehttp "GET /static/fonts/Shabwa-Bold.ttf HTTP/1.1" 200 49452
INFO 2025-03-03 21:40:46,552 basehttp "GET /objections/ HTTP/1.1" 200 37765
INFO 2025-03-03 21:40:46,554 basehttp "GET /static/fonts/Shabwa-Medium.ttf HTTP/1.1" 200 51776
INFO 2025-03-03 21:40:46,555 basehttp "GET /static/bootstrap5/bootstrap.bundle.js HTTP/1.1" 200 207819
INFO 2025-03-03 21:40:46,556 basehttp "GET /static/bootstrap5/bootstrap-icons.woff2 HTTP/1.1" 200 130396
INFO 2025-03-03 21:40:46,604 basehttp "GET /static/bootstrap5/bootstrap.rtl.css HTTP/1.1" 200 280259
INFO 2025-03-03 21:40:46,618 basehttp "GET /static/css/style.css HTTP/1.1" 200 6701
INFO 2025-03-03 21:40:46,621 basehttp "GET /static/flatpickr/flatpickr.min.css HTTP/1.1" 200 16166
INFO 2025-03-03 21:40:46,623 basehttp "GET /static/flatpickr/locale/ar.js HTTP/1.1" 200 1928
INFO 2025-03-03 21:40:46,627 basehttp "GET /static/flatpickr/flatpickr.min.js HTTP/1.1" 200 50679
INFO 2025-03-03 21:40:46,627 basehttp "GET /static/bootstrap5/bootstrap-icons.css HTTP/1.1" 200 65624
INFO 2025-03-03 21:40:46,629 basehttp "GET /static/bootstrap5/bootstrap.bundle.js HTTP/1.1" 200 207819
INFO 2025-03-03 21:40:46,650 basehttp "GET /static/fonts/Shabwa.ttf HTTP/1.1" 200 51148
INFO 2025-03-03 21:40:46,663 basehttp "GET /static/fonts/Shabwa-Bold.ttf HTTP/1.1" 200 49452
INFO 2025-03-03 21:40:46,664 basehttp "GET /static/fonts/Shabwa-Medium.ttf HTTP/1.1" 200 51776
INFO 2025-03-03 21:40:46,666 basehttp "GET /static/bootstrap5/bootstrap-icons.woff2 HTTP/1.1" 200 130396
WARNING 2025-03-03 21:40:46,764 log Not Found: /favicon.ico
WARNING 2025-03-03 21:40:46,765 basehttp "GET /favicon.ico HTTP/1.1" 404 15536
INFO 2025-03-03 21:41:05,008 basehttp "GET /objections/ HTTP/1.1" 200 37765
INFO 2025-03-03 21:41:05,054 basehttp "GET /static/bootstrap5/bootstrap.rtl.css HTTP/1.1" 200 280259
INFO 2025-03-03 21:41:05,079 basehttp "GET /static/flatpickr/locale/ar.js HTTP/1.1" 200 1928
INFO 2025-03-03 21:41:05,081 basehttp "GET /static/flatpickr/flatpickr.min.css HTTP/1.1" 200 16166
INFO 2025-03-03 21:41:05,084 basehttp "GET /static/css/style.css HTTP/1.1" 200 6657
INFO 2025-03-03 21:41:05,084 basehttp "GET /static/bootstrap5/bootstrap-icons.css HTTP/1.1" 200 65624
INFO 2025-03-03 21:41:05,087 basehttp "GET /static/flatpickr/flatpickr.min.js HTTP/1.1" 200 50679
INFO 2025-03-03 21:41:05,088 basehttp "GET /static/bootstrap5/bootstrap.bundle.js HTTP/1.1" 200 207819
INFO 2025-03-03 21:41:05,113 basehttp "GET /static/fonts/Shabwa.ttf HTTP/1.1" 200 51148
INFO 2025-03-03 21:41:05,125 basehttp "GET /static/fonts/Shabwa-Medium.ttf HTTP/1.1" 200 51776
INFO 2025-03-03 21:41:05,127 basehttp "GET /static/fonts/Shabwa-Bold.ttf HTTP/1.1" 200 49452
INFO 2025-03-03 21:41:05,128 basehttp "GET /static/bootstrap5/bootstrap-icons.woff2 HTTP/1.1" 200 130396
WARNING 2025-03-03 21:41:05,231 log Not Found: /favicon.ico
WARNING 2025-03-03 21:41:05,232 basehttp "GET /favicon.ico HTTP/1.1" 404 15536
INFO 2025-03-03 21:41:05,378 basehttp "GET /objections/ HTTP/1.1" 200 37765
INFO 2025-03-03 21:41:05,418 basehttp "GET /static/bootstrap5/bootstrap.rtl.css HTTP/1.1" 200 280259
INFO 2025-03-03 21:41:05,440 basehttp "GET /static/flatpickr/locale/ar.js HTTP/1.1" 200 1928
INFO 2025-03-03 21:41:05,443 basehttp "GET /static/css/style.css HTTP/1.1" 200 6657
INFO 2025-03-03 21:41:05,445 basehttp "GET /static/flatpickr/flatpickr.min.css HTTP/1.1" 200 16166
INFO 2025-03-03 21:41:05,448 basehttp "GET /static/flatpickr/flatpickr.min.js HTTP/1.1" 200 50679
INFO 2025-03-03 21:41:05,449 basehttp "GET /static/bootstrap5/bootstrap-icons.css HTTP/1.1" 200 65624
INFO 2025-03-03 21:41:05,454 basehttp "GET /static/bootstrap5/bootstrap.bundle.js HTTP/1.1" 200 207819
INFO 2025-03-03 21:41:05,473 basehttp "GET /static/fonts/Shabwa.ttf HTTP/1.1" 200 51148
INFO 2025-03-03 21:41:05,490 basehttp "GET /static/fonts/Shabwa-Bold.ttf HTTP/1.1" 200 49452
INFO 2025-03-03 21:41:05,492 basehttp "GET /static/fonts/Shabwa-Medium.ttf HTTP/1.1" 200 51776
INFO 2025-03-03 21:41:05,495 basehttp "GET /static/bootstrap5/bootstrap-icons.woff2 HTTP/1.1" 200 130396
WARNING 2025-03-03 21:41:05,580 log Not Found: /favicon.ico
WARNING 2025-03-03 21:41:05,580 basehttp "GET /favicon.ico HTTP/1.1" 404 15536
INFO 2025-03-03 21:41:07,259 basehttp "GET /publications/ HTTP/1.1" 200 41305
INFO 2025-03-03 21:41:07,320 basehttp "GET /static/css/style.css HTTP/1.1" 304 0
INFO 2025-03-03 21:41:07,947 basehttp "GET /decrees/ HTTP/1.1" 200 57482
INFO 2025-03-03 21:41:08,002 basehttp "GET /static/css/style.css HTTP/1.1" 304 0
INFO 2025-03-03 21:42:12,181 basehttp "GET /decrees/ HTTP/1.1" 200 57482
INFO 2025-03-03 21:42:12,232 basehttp "GET /static/bootstrap5/bootstrap.rtl.css HTTP/1.1" 200 280259
INFO 2025-03-03 21:42:12,249 basehttp "GET /static/flatpickr/locale/ar.js HTTP/1.1" 200 1928
INFO 2025-03-03 21:42:12,251 basehttp "GET /static/css/style.css HTTP/1.1" 200 6526
INFO 2025-03-03 21:42:12,257 basehttp "GET /static/flatpickr/flatpickr.min.css HTTP/1.1" 200 16166
INFO 2025-03-03 21:42:12,258 basehttp "GET /static/flatpickr/flatpickr.min.js HTTP/1.1" 200 50679
INFO 2025-03-03 21:42:12,259 basehttp "GET /static/bootstrap5/bootstrap-icons.css HTTP/1.1" 200 65624
INFO 2025-03-03 21:42:12,264 basehttp "GET /static/bootstrap5/bootstrap.bundle.js HTTP/1.1" 200 207819
INFO 2025-03-03 21:42:12,290 basehttp "GET /static/fonts/Shabwa.ttf HTTP/1.1" 200 51148
INFO 2025-03-03 21:42:12,300 basehttp "GET /static/fonts/Shabwa-Medium.ttf HTTP/1.1" 200 51776
INFO 2025-03-03 21:42:12,301 basehttp "GET /static/fonts/Shabwa-Bold.ttf HTTP/1.1" 200 49452
INFO 2025-03-03 21:42:12,303 basehttp "GET /static/bootstrap5/bootstrap-icons.woff2 HTTP/1.1" 200 130396
INFO 2025-03-03 21:42:12,429 basehttp "GET /decrees/ HTTP/1.1" 200 57482
INFO 2025-03-03 21:42:12,475 basehttp "GET /static/bootstrap5/bootstrap.rtl.css HTTP/1.1" 200 280259
INFO 2025-03-03 21:42:12,500 basehttp "GET /static/css/style.css HTTP/1.1" 200 6526
INFO 2025-03-03 21:42:12,502 basehttp "GET /static/flatpickr/flatpickr.min.css HTTP/1.1" 200 16166
INFO 2025-03-03 21:42:12,506 basehttp "GET /static/flatpickr/flatpickr.min.js HTTP/1.1" 200 50679
INFO 2025-03-03 21:42:12,507 basehttp "GET /static/bootstrap5/bootstrap-icons.css HTTP/1.1" 200 65624
INFO 2025-03-03 21:42:12,508 basehttp "GET /static/bootstrap5/bootstrap.bundle.js HTTP/1.1" 200 207819
INFO 2025-03-03 21:42:12,513 basehttp "GET /static/flatpickr/locale/ar.js HTTP/1.1" 200 1928
INFO 2025-03-03 21:42:12,639 basehttp "GET /decrees/ HTTP/1.1" 200 57482
INFO 2025-03-03 21:42:12,683 basehttp "GET /static/bootstrap5/bootstrap.rtl.css HTTP/1.1" 200 280259
INFO 2025-03-03 21:42:12,694 basehttp "GET /static/css/style.css HTTP/1.1" 200 6526
INFO 2025-03-03 21:42:12,697 basehttp "GET /static/flatpickr/locale/ar.js HTTP/1.1" 200 1928
INFO 2025-03-03 21:42:12,697 basehttp "GET /static/flatpickr/flatpickr.min.css HTTP/1.1" 200 16166
INFO 2025-03-03 21:42:12,702 basehttp "GET /static/flatpickr/flatpickr.min.js HTTP/1.1" 200 50679
INFO 2025-03-03 21:42:12,703 basehttp "GET /static/bootstrap5/bootstrap-icons.css HTTP/1.1" 200 65624
INFO 2025-03-03 21:42:12,706 basehttp "GET /static/bootstrap5/bootstrap.bundle.js HTTP/1.1" 200 207819
INFO 2025-03-03 21:42:12,740 basehttp "GET /static/fonts/Shabwa-Medium.ttf HTTP/1.1" 200 51776
INFO 2025-03-03 21:42:12,741 basehttp "GET /static/fonts/Shabwa.ttf HTTP/1.1" 200 51148
INFO 2025-03-03 21:42:12,741 basehttp "GET /static/fonts/Shabwa-Bold.ttf HTTP/1.1" 200 49452
INFO 2025-03-03 21:42:12,744 basehttp "GET /static/bootstrap5/bootstrap-icons.woff2 HTTP/1.1" 200 130396
WARNING 2025-03-03 21:42:12,851 log Not Found: /favicon.ico
WARNING 2025-03-03 21:42:12,851 basehttp "GET /favicon.ico HTTP/1.1" 404 15536
INFO 2025-03-03 21:42:15,556 basehttp "GET /decrees/ HTTP/1.1" 200 57482
INFO 2025-03-03 21:42:15,609 basehttp "GET /static/bootstrap5/bootstrap.rtl.css HTTP/1.1" 200 280259
INFO 2025-03-03 21:42:15,634 basehttp "GET /static/css/style.css HTTP/1.1" 200 6526
INFO 2025-03-03 21:42:15,636 basehttp "GET /static/flatpickr/flatpickr.min.css HTTP/1.1" 200 16166
INFO 2025-03-03 21:42:15,656 basehttp "GET /static/flatpickr/flatpickr.min.js HTTP/1.1" 200 50679
INFO 2025-03-03 21:42:15,659 basehttp "GET /static/flatpickr/locale/ar.js HTTP/1.1" 200 1928
INFO 2025-03-03 21:42:15,664 basehttp "GET /static/bootstrap5/bootstrap-icons.css HTTP/1.1" 200 65624
INFO 2025-03-03 21:42:15,764 basehttp "GET /static/fonts/Shabwa-Medium.ttf HTTP/1.1" 200 51776
INFO 2025-03-03 21:42:15,766 basehttp "GET /static/fonts/Shabwa-Bold.ttf HTTP/1.1" 200 49452
INFO 2025-03-03 21:42:15,769 basehttp "GET /static/fonts/Shabwa.ttf HTTP/1.1" 200 51148
INFO 2025-03-03 21:42:15,786 basehttp "GET /static/bootstrap5/bootstrap.bundle.js HTTP/1.1" 200 207819
INFO 2025-03-03 21:42:15,811 basehttp "GET /static/bootstrap5/bootstrap-icons.woff2 HTTP/1.1" 200 130396
INFO 2025-03-03 21:42:15,999 basehttp "GET /decrees/ HTTP/1.1" 200 57482
INFO 2025-03-03 21:42:16,033 basehttp "GET /decrees/ HTTP/1.1" 200 57482
INFO 2025-03-03 21:42:16,138 basehttp "GET /decrees/ HTTP/1.1" 200 57482
INFO 2025-03-03 21:42:16,186 basehttp "GET /static/bootstrap5/bootstrap.rtl.css HTTP/1.1" 200 280259
INFO 2025-03-03 21:42:16,209 basehttp "GET /static/flatpickr/locale/ar.js HTTP/1.1" 200 1928
INFO 2025-03-03 21:42:16,210 basehttp "GET /static/css/style.css HTTP/1.1" 200 6526
INFO 2025-03-03 21:42:16,211 basehttp "GET /static/flatpickr/flatpickr.min.css HTTP/1.1" 200 16166
INFO 2025-03-03 21:42:16,216 basehttp "GET /static/bootstrap5/bootstrap-icons.css HTTP/1.1" 200 65624
INFO 2025-03-03 21:42:16,217 basehttp "GET /static/flatpickr/flatpickr.min.js HTTP/1.1" 200 50679
INFO 2025-03-03 21:42:16,220 basehttp "GET /static/bootstrap5/bootstrap.bundle.js HTTP/1.1" 200 207819
INFO 2025-03-03 21:42:16,241 basehttp "GET /static/fonts/Shabwa.ttf HTTP/1.1" 200 51148
INFO 2025-03-03 21:42:16,251 basehttp "GET /static/fonts/Shabwa-Medium.ttf HTTP/1.1" 200 51776
INFO 2025-03-03 21:42:16,252 basehttp "GET /static/fonts/Shabwa-Bold.ttf HTTP/1.1" 200 49452
INFO 2025-03-03 21:42:16,253 basehttp "GET /static/bootstrap5/bootstrap-icons.woff2 HTTP/1.1" 200 130396
WARNING 2025-03-03 21:42:16,367 log Not Found: /favicon.ico
WARNING 2025-03-03 21:42:16,368 basehttp "GET /favicon.ico HTTP/1.1" 404 15536
INFO 2025-03-03 21:42:17,644 basehttp "GET /publications/ HTTP/1.1" 200 41305
INFO 2025-03-03 21:42:17,705 basehttp "GET /static/css/style.css HTTP/1.1" 304 0
INFO 2025-03-03 21:42:18,118 basehttp "GET /decrees/ HTTP/1.1" 200 57482
INFO 2025-03-03 21:42:18,175 basehttp "GET /static/css/style.css HTTP/1.1" 304 0
INFO 2025-03-03 21:43:33,456 basehttp "GET /static/css/style.css HTTP/1.1" 304 0
INFO 2025-03-03 21:43:33,456 basehttp "GET /static/bootstrap5/bootstrap-icons.css HTTP/1.1" 304 0
INFO 2025-03-03 21:43:33,732 basehttp "GET /static/bootstrap5/bootstrap.bundle.js.map HTTP/1.1" 304 0
INFO 2025-03-03 21:43:33,769 basehttp "GET /static/bootstrap5/bootstrap.rtl.css.map HTTP/1.1" 304 0
INFO 2025-03-03 21:44:10,650 basehttp "GET /decrees/ HTTP/1.1" 200 57482
INFO 2025-03-03 21:44:10,704 basehttp "GET /static/bootstrap5/bootstrap.rtl.css HTTP/1.1" 200 280259
INFO 2025-03-03 21:44:10,727 basehttp "GET /static/css/style.css HTTP/1.1" 200 6042
INFO 2025-03-03 21:44:10,728 basehttp "GET /static/flatpickr/locale/ar.js HTTP/1.1" 200 1928
INFO 2025-03-03 21:44:10,730 basehttp "GET /static/flatpickr/flatpickr.min.css HTTP/1.1" 200 16166
INFO 2025-03-03 21:44:10,735 basehttp "GET /static/flatpickr/flatpickr.min.js HTTP/1.1" 200 50679
INFO 2025-03-03 21:44:10,736 basehttp "GET /static/bootstrap5/bootstrap-icons.css HTTP/1.1" 200 65624
INFO 2025-03-03 21:44:10,745 basehttp "GET /static/bootstrap5/bootstrap.bundle.js HTTP/1.1" 200 207819
INFO 2025-03-03 21:44:10,884 basehttp "GET /decrees/ HTTP/1.1" 200 57482
INFO 2025-03-03 21:44:10,935 basehttp "GET /static/bootstrap5/bootstrap.rtl.css HTTP/1.1" 200 280259
INFO 2025-03-03 21:44:10,957 basehttp "GET /static/css/style.css HTTP/1.1" 200 6042
INFO 2025-03-03 21:44:10,960 basehttp "GET /static/flatpickr/flatpickr.min.css HTTP/1.1" 200 16166
INFO 2025-03-03 21:44:10,974 basehttp "GET /static/flatpickr/flatpickr.min.js HTTP/1.1" 200 50679
INFO 2025-03-03 21:44:10,974 basehttp "GET /static/flatpickr/locale/ar.js HTTP/1.1" 200 1928
INFO 2025-03-03 21:44:10,980 basehttp "GET /static/bootstrap5/bootstrap-icons.css HTTP/1.1" 200 65624
INFO 2025-03-03 21:44:11,038 basehttp "GET /static/bootstrap5/bootstrap.bundle.js HTTP/1.1" 200 207819
INFO 2025-03-03 21:44:11,159 basehttp "GET /decrees/ HTTP/1.1" 200 57482
INFO 2025-03-03 21:44:11,213 basehttp "GET /decrees/ HTTP/1.1" 200 57482
INFO 2025-03-03 21:44:11,335 basehttp "GET /decrees/ HTTP/1.1" 200 57482
INFO 2025-03-03 21:44:11,450 basehttp "GET /decrees/ HTTP/1.1" 200 57482
INFO 2025-03-03 21:44:11,499 basehttp "GET /static/bootstrap5/bootstrap.rtl.css HTTP/1.1" 200 280259
INFO 2025-03-03 21:44:11,536 basehttp "GET /static/css/style.css HTTP/1.1" 200 6042
INFO 2025-03-03 21:44:11,567 basehttp "GET /static/flatpickr/flatpickr.min.css HTTP/1.1" 200 16166
INFO 2025-03-03 21:44:11,567 basehttp "GET /static/bootstrap5/bootstrap-icons.css HTTP/1.1" 200 65624
INFO 2025-03-03 21:44:11,574 basehttp "GET /static/flatpickr/flatpickr.min.js HTTP/1.1" 200 50679
INFO 2025-03-03 21:44:11,598 basehttp "GET /static/flatpickr/locale/ar.js HTTP/1.1" 200 1928
INFO 2025-03-03 21:44:11,644 basehttp "GET /static/fonts/Shabwa-Medium.ttf HTTP/1.1" 200 51776
INFO 2025-03-03 21:44:11,652 basehttp "GET /static/fonts/Shabwa-Bold.ttf HTTP/1.1" 200 49452
INFO 2025-03-03 21:44:11,656 basehttp "GET /static/fonts/Shabwa.ttf HTTP/1.1" 200 51148
INFO 2025-03-03 21:44:11,678 basehttp "GET /static/bootstrap5/bootstrap-icons.woff2 HTTP/1.1" 200 130396
INFO 2025-03-03 21:44:11,699 basehttp "GET /static/bootstrap5/bootstrap.bundle.js HTTP/1.1" 200 207819
INFO 2025-03-03 21:44:11,921 basehttp "GET /decrees/ HTTP/1.1" 200 57482
INFO 2025-03-03 21:44:12,019 basehttp "GET /decrees/ HTTP/1.1" 200 57482
INFO 2025-03-03 21:44:12,066 basehttp "GET /static/bootstrap5/bootstrap.rtl.css HTTP/1.1" 200 280259
INFO 2025-03-03 21:44:12,091 basehttp "GET /static/css/style.css HTTP/1.1" 200 6042
INFO 2025-03-03 21:44:12,094 basehttp "GET /static/flatpickr/flatpickr.min.css HTTP/1.1" 200 16166
INFO 2025-03-03 21:44:12,096 basehttp "GET /static/bootstrap5/bootstrap-icons.css HTTP/1.1" 200 65624
INFO 2025-03-03 21:44:12,097 basehttp "GET /static/flatpickr/flatpickr.min.js HTTP/1.1" 200 50679
INFO 2025-03-03 21:44:12,099 basehttp "GET /static/bootstrap5/bootstrap.bundle.js HTTP/1.1" 200 207819
INFO 2025-03-03 21:44:12,112 basehttp "GET /static/flatpickr/locale/ar.js HTTP/1.1" 200 1928
INFO 2025-03-03 21:44:12,227 basehttp "GET /decrees/ HTTP/1.1" 200 57482
INFO 2025-03-03 21:44:12,345 basehttp "GET /decrees/ HTTP/1.1" 200 57482
INFO 2025-03-03 21:44:12,398 basehttp "GET /static/bootstrap5/bootstrap.rtl.css HTTP/1.1" 200 280259
INFO 2025-03-03 21:44:12,416 basehttp "GET /static/flatpickr/flatpickr.min.css HTTP/1.1" 200 16166
INFO 2025-03-03 21:44:12,418 basehttp "GET /static/css/style.css HTTP/1.1" 200 6042
INFO 2025-03-03 21:44:12,424 basehttp "GET /static/flatpickr/flatpickr.min.js HTTP/1.1" 200 50679
INFO 2025-03-03 21:44:12,431 basehttp "GET /static/flatpickr/locale/ar.js HTTP/1.1" 200 1928
INFO 2025-03-03 21:44:12,433 basehttp "GET /static/bootstrap5/bootstrap-icons.css HTTP/1.1" 200 65624
INFO 2025-03-03 21:44:12,450 basehttp "GET /static/bootstrap5/bootstrap.bundle.js HTTP/1.1" 200 207819
INFO 2025-03-03 21:44:12,589 basehttp "GET /decrees/ HTTP/1.1" 200 57482
INFO 2025-03-03 21:44:12,686 basehttp "GET /decrees/ HTTP/1.1" 200 57482
INFO 2025-03-03 21:44:12,959 basehttp "GET /decrees/ HTTP/1.1" 200 57482
INFO 2025-03-03 21:44:12,994 basehttp "GET /decrees/ HTTP/1.1" 200 57482
INFO 2025-03-03 21:44:13,098 basehttp "GET /decrees/ HTTP/1.1" 200 57482
INFO 2025-03-03 21:44:13,154 basehttp "GET /static/bootstrap5/bootstrap.rtl.css HTTP/1.1" 200 280259
INFO 2025-03-03 21:44:13,175 basehttp "GET /static/css/style.css HTTP/1.1" 200 6042
INFO 2025-03-03 21:44:13,197 basehttp "GET /static/flatpickr/locale/ar.js HTTP/1.1" 200 1928
INFO 2025-03-03 21:44:13,197 basehttp "GET /static/flatpickr/flatpickr.min.css HTTP/1.1" 200 16166
INFO 2025-03-03 21:44:13,198 basehttp "GET /static/flatpickr/flatpickr.min.js HTTP/1.1" 200 50679
INFO 2025-03-03 21:44:13,217 basehttp "GET /static/bootstrap5/bootstrap-icons.css HTTP/1.1" 200 65624
INFO 2025-03-03 21:44:13,305 basehttp "GET /static/fonts/Shabwa-Bold.ttf HTTP/1.1" 200 49452
INFO 2025-03-03 21:44:13,317 basehttp "GET /static/fonts/Shabwa.ttf HTTP/1.1" 200 51148
INFO 2025-03-03 21:44:13,317 basehttp "GET /static/fonts/Shabwa-Medium.ttf HTTP/1.1" 200 51776
INFO 2025-03-03 21:44:13,336 basehttp "GET /static/bootstrap5/bootstrap.bundle.js HTTP/1.1" 200 207819
INFO 2025-03-03 21:44:13,367 basehttp "GET /static/bootstrap5/bootstrap-icons.woff2 HTTP/1.1" 200 130396
INFO 2025-03-03 21:44:13,469 basehttp "GET /decrees/ HTTP/1.1" 200 57482
INFO 2025-03-03 21:44:13,511 basehttp "GET /static/bootstrap5/bootstrap.rtl.css HTTP/1.1" 200 280259
INFO 2025-03-03 21:44:13,533 basehttp "GET /static/flatpickr/locale/ar.js HTTP/1.1" 200 1928
INFO 2025-03-03 21:44:13,534 basehttp "GET /static/flatpickr/flatpickr.min.css HTTP/1.1" 200 16166
INFO 2025-03-03 21:44:13,534 basehttp "GET /static/css/style.css HTTP/1.1" 200 6042
INFO 2025-03-03 21:44:13,539 basehttp "GET /static/flatpickr/flatpickr.min.js HTTP/1.1" 200 50679
INFO 2025-03-03 21:44:13,540 basehttp "GET /static/bootstrap5/bootstrap-icons.css HTTP/1.1" 200 65624
INFO 2025-03-03 21:44:13,541 basehttp "GET /static/bootstrap5/bootstrap.bundle.js HTTP/1.1" 200 207819
INFO 2025-03-03 21:44:13,577 basehttp "GET /static/fonts/Shabwa.ttf HTTP/1.1" 200 51148
INFO 2025-03-03 21:44:13,579 basehttp "GET /static/fonts/Shabwa-Medium.ttf HTTP/1.1" 200 51776
INFO 2025-03-03 21:44:13,580 basehttp "GET /static/fonts/Shabwa-Bold.ttf HTTP/1.1" 200 49452
INFO 2025-03-03 21:44:13,582 basehttp "GET /static/bootstrap5/bootstrap-icons.woff2 HTTP/1.1" 200 130396
WARNING 2025-03-03 21:44:13,679 log Not Found: /favicon.ico
WARNING 2025-03-03 21:44:13,679 basehttp "GET /favicon.ico HTTP/1.1" 404 15536
INFO 2025-03-03 21:44:15,154 basehttp "GET /publications/ HTTP/1.1" 200 41305
INFO 2025-03-03 21:44:15,213 basehttp "GET /static/css/style.css HTTP/1.1" 304 0
INFO 2025-03-03 21:44:17,092 basehttp "GET /objections/ HTTP/1.1" 200 37765
INFO 2025-03-03 21:44:17,143 basehttp "GET /static/css/style.css HTTP/1.1" 304 0
INFO 2025-03-03 21:44:18,831 basehttp "GET /decrees/ HTTP/1.1" 200 57482
INFO 2025-03-03 21:44:18,884 basehttp "GET /static/css/style.css HTTP/1.1" 304 0
INFO 2025-03-03 21:44:19,475 basehttp "GET /publications/ HTTP/1.1" 200 41305
INFO 2025-03-03 21:44:19,528 basehttp "GET /static/css/style.css HTTP/1.1" 304 0
INFO 2025-03-03 21:44:20,006 basehttp "GET /objections/ HTTP/1.1" 200 37765
INFO 2025-03-03 21:44:20,468 basehttp "GET /formplus/ HTTP/1.1" 200 25097
INFO 2025-03-03 21:44:20,523 basehttp "GET /static/css/style.css HTTP/1.1" 304 0
INFO 2025-03-03 21:44:21,001 basehttp "GET /objections/ HTTP/1.1" 200 37765
INFO 2025-03-03 21:44:21,402 basehttp "GET /publications/ HTTP/1.1" 200 41305
INFO 2025-03-03 21:44:21,465 basehttp "GET /static/css/style.css HTTP/1.1" 304 0
INFO 2025-03-03 21:44:21,948 basehttp "GET /decrees/ HTTP/1.1" 200 57482
INFO 2025-03-03 21:44:41,471 basehttp "GET /decrees/ HTTP/1.1" 200 57482
INFO 2025-03-03 21:44:41,524 basehttp "GET /static/bootstrap5/bootstrap.rtl.css HTTP/1.1" 200 280259
INFO 2025-03-03 21:44:41,546 basehttp "GET /static/flatpickr/locale/ar.js HTTP/1.1" 200 1928
INFO 2025-03-03 21:44:41,547 basehttp "GET /static/css/style.css HTTP/1.1" 200 6048
INFO 2025-03-03 21:44:41,549 basehttp "GET /static/flatpickr/flatpickr.min.css HTTP/1.1" 200 16166
INFO 2025-03-03 21:44:41,552 basehttp "GET /static/flatpickr/flatpickr.min.js HTTP/1.1" 200 50679
INFO 2025-03-03 21:44:41,553 basehttp "GET /static/bootstrap5/bootstrap-icons.css HTTP/1.1" 200 65624
INFO 2025-03-03 21:44:41,555 basehttp "GET /static/bootstrap5/bootstrap.bundle.js HTTP/1.1" 200 207819
INFO 2025-03-03 21:44:41,718 basehttp "GET /decrees/ HTTP/1.1" 200 57482
INFO 2025-03-03 21:44:41,841 basehttp "GET /decrees/ HTTP/1.1" 200 57482
INFO 2025-03-03 21:44:41,894 basehttp "GET /static/bootstrap5/bootstrap.rtl.css HTTP/1.1" 200 280259
INFO 2025-03-03 21:44:41,913 basehttp "GET /static/flatpickr/locale/ar.js HTTP/1.1" 200 1928
INFO 2025-03-03 21:44:41,914 basehttp "GET /static/css/style.css HTTP/1.1" 200 6048
INFO 2025-03-03 21:44:41,916 basehttp "GET /static/flatpickr/flatpickr.min.css HTTP/1.1" 200 16166
INFO 2025-03-03 21:44:41,919 basehttp "GET /static/bootstrap5/bootstrap-icons.css HTTP/1.1" 200 65624
INFO 2025-03-03 21:44:41,920 basehttp "GET /static/flatpickr/flatpickr.min.js HTTP/1.1" 200 50679
INFO 2025-03-03 21:44:41,922 basehttp "GET /static/bootstrap5/bootstrap.bundle.js HTTP/1.1" 200 207819
INFO 2025-03-03 21:44:41,961 basehttp "GET /static/fonts/Shabwa-Bold.ttf HTTP/1.1" 200 49452
INFO 2025-03-03 21:44:41,962 basehttp "GET /static/fonts/Shabwa.ttf HTTP/1.1" 200 51148
INFO 2025-03-03 21:44:41,963 basehttp "GET /static/fonts/Shabwa-Medium.ttf HTTP/1.1" 200 51776
INFO 2025-03-03 21:44:41,963 basehttp "GET /static/bootstrap5/bootstrap-icons.woff2 HTTP/1.1" 200 130396
WARNING 2025-03-03 21:44:42,059 log Not Found: /favicon.ico
WARNING 2025-03-03 21:44:42,060 basehttp "GET /favicon.ico HTTP/1.1" 404 15536
INFO 2025-03-03 21:44:50,270 basehttp "GET /manage/users/ HTTP/1.1" 200 16739
INFO 2025-03-03 21:44:50,324 basehttp "GET /static/css/style.css HTTP/1.1" 304 0
INFO 2025-03-03 21:44:52,467 basehttp "GET /manage/logs/ HTTP/1.1" 200 31296
INFO 2025-03-03 21:44:52,512 basehttp "GET /static/css/style.css HTTP/1.1" 304 0
INFO 2025-03-03 21:44:53,667 basehttp "GET /reports/publication/ HTTP/1.1" 200 10559
INFO 2025-03-03 21:44:53,709 basehttp "GET /static/css/style.css HTTP/1.1" 304 0
INFO 2025-03-03 21:44:54,909 basehttp "GET /reports/objection/ HTTP/1.1" 200 10561
INFO 2025-03-03 21:44:54,972 basehttp "GET /static/css/style.css HTTP/1.1" 304 0
INFO 2025-03-03 21:44:55,815 basehttp "GET /objections/ HTTP/1.1" 200 37765
INFO 2025-03-03 21:44:55,872 basehttp "GET /static/css/style.css HTTP/1.1" 304 0
INFO 2025-03-03 21:44:56,502 basehttp "GET /publications/ HTTP/1.1" 200 41305
INFO 2025-03-03 21:45:01,855 basehttp "GET /manage/users/ HTTP/1.1" 200 16739
INFO 2025-03-03 21:45:01,916 basehttp "GET /static/css/style.css HTTP/1.1" 304 0
INFO 2025-03-03 21:45:02,821 basehttp "GET /manage/sections/ HTTP/1.1" 200 26258
INFO 2025-03-03 21:45:02,916 basehttp "GET /manage/sections/?model=Government HTTP/1.1" 200 19250
INFO 2025-03-03 21:45:11,084 basehttp "GET /manage/sections/?model=Government HTTP/1.1" 200 19250
INFO 2025-03-03 21:45:11,130 basehttp "GET /static/bootstrap5/bootstrap.rtl.css HTTP/1.1" 200 280259
INFO 2025-03-03 21:45:11,148 basehttp "GET /static/flatpickr/locale/ar.js HTTP/1.1" 200 1928
INFO 2025-03-03 21:45:11,151 basehttp "GET /static/css/style.css HTTP/1.1" 200 6042
INFO 2025-03-03 21:45:11,156 basehttp "GET /static/flatpickr/flatpickr.min.css HTTP/1.1" 200 16166
INFO 2025-03-03 21:45:11,157 basehttp "GET /static/flatpickr/flatpickr.min.js HTTP/1.1" 200 50679
INFO 2025-03-03 21:45:11,158 basehttp "GET /static/bootstrap5/bootstrap-icons.css HTTP/1.1" 200 65624
INFO 2025-03-03 21:45:11,161 basehttp "GET /static/bootstrap5/bootstrap.bundle.js HTTP/1.1" 200 207819
INFO 2025-03-03 21:45:11,197 basehttp "GET /static/fonts/Shabwa.ttf HTTP/1.1" 200 51148
INFO 2025-03-03 21:45:11,198 basehttp "GET /static/fonts/Shabwa-Bold.ttf HTTP/1.1" 200 49452
INFO 2025-03-03 21:45:11,199 basehttp "GET /static/fonts/Shabwa-Medium.ttf HTTP/1.1" 200 51776
INFO 2025-03-03 21:45:11,200 basehttp "GET /static/bootstrap5/bootstrap-icons.woff2 HTTP/1.1" 200 130396
WARNING 2025-03-03 21:45:11,304 log Not Found: /favicon.ico
WARNING 2025-03-03 21:45:11,305 basehttp "GET /favicon.ico HTTP/1.1" 404 15536
INFO 2025-03-03 21:45:38,284 basehttp "GET /manage/sections/?model=Government HTTP/1.1" 200 19250
INFO 2025-03-03 21:45:38,349 basehttp "GET /static/bootstrap5/bootstrap.rtl.css HTTP/1.1" 200 280259
INFO 2025-03-03 21:45:38,383 basehttp "GET /static/css/style.css HTTP/1.1" 200 5982
INFO 2025-03-03 21:45:38,385 basehttp "GET /static/flatpickr/locale/ar.js HTTP/1.1" 200 1928
INFO 2025-03-03 21:45:38,387 basehttp "GET /static/flatpickr/flatpickr.min.css HTTP/1.1" 200 16166
INFO 2025-03-03 21:45:38,390 basehttp "GET /static/flatpickr/flatpickr.min.js HTTP/1.1" 200 50679
INFO 2025-03-03 21:45:38,391 basehttp "GET /static/bootstrap5/bootstrap-icons.css HTTP/1.1" 200 65624
INFO 2025-03-03 21:45:38,392 basehttp "GET /static/bootstrap5/bootstrap.bundle.js HTTP/1.1" 200 207819
INFO 2025-03-03 21:45:38,417 basehttp "GET /static/fonts/Shabwa.ttf HTTP/1.1" 200 51148
INFO 2025-03-03 21:45:38,430 basehttp "GET /static/fonts/Shabwa-Medium.ttf HTTP/1.1" 200 51776
INFO 2025-03-03 21:45:38,430 basehttp "GET /static/fonts/Shabwa-Bold.ttf HTTP/1.1" 200 49452
INFO 2025-03-03 21:45:38,432 basehttp "GET /static/bootstrap5/bootstrap-icons.woff2 HTTP/1.1" 200 130396
WARNING 2025-03-03 21:45:38,544 log Not Found: /favicon.ico
WARNING 2025-03-03 21:45:38,544 basehttp "GET /favicon.ico HTTP/1.1" 404 15536
INFO 2025-03-03 21:46:43,710 basehttp "GET /manage/sections/?model=Government HTTP/1.1" 200 19250
INFO 2025-03-03 21:46:43,761 basehttp "GET /static/bootstrap5/bootstrap.rtl.css HTTP/1.1" 200 280259
INFO 2025-03-03 21:46:43,784 basehttp "GET /static/flatpickr/locale/ar.js HTTP/1.1" 200 1928
INFO 2025-03-03 21:46:43,786 basehttp "GET /static/flatpickr/flatpickr.min.css HTTP/1.1" 200 16166
INFO 2025-03-03 21:46:43,788 basehttp "GET /static/css/style.css HTTP/1.1" 200 5988
INFO 2025-03-03 21:46:43,790 basehttp "GET /static/flatpickr/flatpickr.min.js HTTP/1.1" 200 50679
INFO 2025-03-03 21:46:43,791 basehttp "GET /static/bootstrap5/bootstrap-icons.css HTTP/1.1" 200 65624
INFO 2025-03-03 21:46:43,792 basehttp "GET /static/bootstrap5/bootstrap.bundle.js HTTP/1.1" 200 207819
INFO 2025-03-03 21:46:43,819 basehttp "GET /static/fonts/Shabwa.ttf HTTP/1.1" 200 51148
INFO 2025-03-03 21:46:43,832 basehttp "GET /static/fonts/Shabwa-Medium.ttf HTTP/1.1" 200 51776
INFO 2025-03-03 21:46:43,833 basehttp "GET /static/fonts/Shabwa-Bold.ttf HTTP/1.1" 200 49452
INFO 2025-03-03 21:46:43,836 basehttp "GET /static/bootstrap5/bootstrap-icons.woff2 HTTP/1.1" 200 130396
WARNING 2025-03-03 21:46:43,905 log Not Found: /favicon.ico
WARNING 2025-03-03 21:46:43,905 basehttp "GET /favicon.ico HTTP/1.1" 404 15536
INFO 2025-03-03 21:46:55,163 basehttp "GET /reports/publication/ HTTP/1.1" 200 10559
INFO 2025-03-03 21:46:55,217 basehttp "GET /static/css/style.css HTTP/1.1" 304 0
INFO 2025-03-03 21:47:00,038 basehttp "GET /manage/users/ HTTP/1.1" 200 16739
INFO 2025-03-03 21:47:00,085 basehttp "GET /static/css/style.css HTTP/1.1" 304 0
INFO 2025-03-03 21:47:05,814 basehttp "GET /manage/users/ HTTP/1.1" 200 16739
INFO 2025-03-03 21:47:05,868 basehttp "GET /static/css/style.css HTTP/1.1" 200 5982
INFO 2025-03-03 21:47:07,206 basehttp "GET /reports/publication/ HTTP/1.1" 200 10559
INFO 2025-03-03 21:47:07,259 basehttp "GET /static/css/style.css HTTP/1.1" 304 0
INFO 2025-03-03 21:47:09,492 basehttp "GET /decrees/ HTTP/1.1" 200 57482
INFO 2025-03-03 21:47:09,558 basehttp "GET /static/css/style.css HTTP/1.1" 304 0
INFO 2025-03-03 21:47:20,963 basehttp "GET /decrees/ HTTP/1.1" 200 57482
INFO 2025-03-03 21:47:21,012 basehttp "GET /static/bootstrap5/bootstrap.rtl.css HTTP/1.1" 200 280259
INFO 2025-03-03 21:47:21,028 basehttp "GET /static/css/style.css HTTP/1.1" 200 5987
INFO 2025-03-03 21:47:21,029 basehttp "GET /static/flatpickr/locale/ar.js HTTP/1.1" 200 1928
INFO 2025-03-03 21:47:21,031 basehttp "GET /static/flatpickr/flatpickr.min.css HTTP/1.1" 200 16166
INFO 2025-03-03 21:47:21,033 basehttp "GET /static/flatpickr/flatpickr.min.js HTTP/1.1" 200 50679
INFO 2025-03-03 21:47:21,034 basehttp "GET /static/bootstrap5/bootstrap-icons.css HTTP/1.1" 200 65624
INFO 2025-03-03 21:47:21,036 basehttp "GET /static/bootstrap5/bootstrap.bundle.js HTTP/1.1" 200 207819
INFO 2025-03-03 21:47:21,061 basehttp "GET /static/fonts/Shabwa.ttf HTTP/1.1" 200 51148
INFO 2025-03-03 21:47:21,071 basehttp "GET /static/fonts/Shabwa-Bold.ttf HTTP/1.1" 200 49452
INFO 2025-03-03 21:47:21,072 basehttp "GET /static/fonts/Shabwa-Medium.ttf HTTP/1.1" 200 51776
INFO 2025-03-03 21:47:21,073 basehttp "GET /static/bootstrap5/bootstrap-icons.woff2 HTTP/1.1" 200 130396
WARNING 2025-03-03 21:47:21,171 log Not Found: /favicon.ico
WARNING 2025-03-03 21:47:21,171 basehttp "GET /favicon.ico HTTP/1.1" 404 15536
INFO 2025-03-03 21:47:21,928 basehttp "GET /publications/ HTTP/1.1" 200 41305
INFO 2025-03-03 21:47:22,000 basehttp "GET /static/css/style.css HTTP/1.1" 304 0
INFO 2025-03-03 21:47:23,319 basehttp "GET /reports/publication/ HTTP/1.1" 200 10559
INFO 2025-03-03 21:47:23,377 basehttp "GET /static/css/style.css HTTP/1.1" 304 0
INFO 2025-03-03 21:47:28,341 basehttp "GET /reports/publication/ HTTP/1.1" 200 10559
INFO 2025-03-03 21:47:28,386 basehttp "GET /static/bootstrap5/bootstrap.rtl.css HTTP/1.1" 200 280259
INFO 2025-03-03 21:47:28,406 basehttp "GET /static/css/style.css HTTP/1.1" 200 5981
INFO 2025-03-03 21:47:28,407 basehttp "GET /static/flatpickr/locale/ar.js HTTP/1.1" 200 1928
INFO 2025-03-03 21:47:28,411 basehttp "GET /static/flatpickr/flatpickr.min.css HTTP/1.1" 200 16166
INFO 2025-03-03 21:47:28,413 basehttp "GET /static/flatpickr/flatpickr.min.js HTTP/1.1" 200 50679
INFO 2025-03-03 21:47:28,415 basehttp "GET /static/bootstrap5/bootstrap-icons.css HTTP/1.1" 200 65624
INFO 2025-03-03 21:47:28,416 basehttp "GET /static/bootstrap5/bootstrap.bundle.js HTTP/1.1" 200 207819
INFO 2025-03-03 21:47:28,437 basehttp "GET /static/fonts/Shabwa.ttf HTTP/1.1" 200 51148
INFO 2025-03-03 21:47:28,444 basehttp "GET /static/fonts/Shabwa-Medium.ttf HTTP/1.1" 200 51776
INFO 2025-03-03 21:47:28,445 basehttp "GET /static/bootstrap5/bootstrap-icons.woff2 HTTP/1.1" 200 130396
WARNING 2025-03-03 21:47:28,525 log Not Found: /favicon.ico
WARNING 2025-03-03 21:47:28,526 basehttp "GET /favicon.ico HTTP/1.1" 404 15536
INFO 2025-03-03 21:47:30,507 basehttp "GET /objections/ HTTP/1.1" 200 37765
INFO 2025-03-03 21:47:30,551 basehttp "GET /static/css/style.css HTTP/1.1" 304 0
INFO 2025-03-03 21:47:30,582 basehttp "GET /static/fonts/Shabwa-Bold.ttf HTTP/1.1" 200 49452
INFO 2025-03-03 21:51:19,190 autoreload /app/users/models.py changed, reloading.
INFO 2025-03-03 21:51:21,176 autoreload Watching for file changes with StatReloader
